<?xml version="1.0" encoding="UTF-8"?>
<testsuite name="guru.qa.Test_lesson2" tests="3" skipped="0" failures="0" errors="0" timestamp="2022-05-25T18:29:46" hostname="WIN-U6CBR6T0M1B" time="0.105">
  <properties/>
  <testcase name="Git_SecondTest()" classname="guru.qa.Test_lesson2" time="0.062"/>
  <testcase name="Git_FirstTest()" classname="guru.qa.Test_lesson2" time="0.009"/>
  <testcase name="Git_ThirdeTest()" classname="guru.qa.Test_lesson2" time="0.015"/>
  <system-out><![CDATA[]]></system-out>
  <system-err><![CDATA[]]></system-err>
</testsuite>
